# JRE version: OpenJDK Runtime Environment Corretto-16.0.2.7.1 (16.0.2+7) (build 16.0.2+7)
# Java VM: OpenJDK 64-Bit Server VM Corretto-16.0.2.7.1 (16.0.2+7, mixed mode, tiered, compressed oops, compressed class ptrs, g1 gc, windows-amd64)
GC Precious Log:
 CPUs: 4 total, 4 available
 Memory: 3958M
 Large Page Support: Disabled
 NUMA Support: Disabled
 Compressed Oops: Enabled (32-bit)
 Heap Region Size: 1M
 Heap Min Capacity: 256M
 Heap Initial Capacity: 256M
 Heap Max Capacity: 512M
 Pre-touch: Disabled
 Parallel Workers: 4
 Concurrent Workers: 1
 Concurrent Refinement Workers: 4
 Periodic GC: Disabled
Heap:
 garbage-first heap   total 262144K, used 123466K [0x00000000e0000000, 0x0000000100000000)
  region size 1024K, 105 young (107520K), 10 survivors (10240K)
 Metaspace       used 47828K, committed 48192K, reserved 262144K
  class space    used 5936K, committed 6080K, reserved 212992K
GC Heap History (14 events):
Event: 63.375 GC heap before
{Heap before GC invocations=0 (full 0):
 garbage-first heap   total 262144K, used 15360K [0x00000000e0000000, 0x0000000100000000)
  region size 1024K, 13 young (13312K), 0 survivors (0K)
 Metaspace       used 7132K, committed 7296K, reserved 221184K
  class space    used 578K, committed 640K, reserved 212992K
}
Event: 64.109 GC heap after
{Heap after GC invocations=1 (full 0):
 garbage-first heap   total 262144K, used 4324K [0x00000000e0000000, 0x0000000100000000)
  region size 1024K, 2 young (2048K), 2 survivors (2048K)
 Metaspace       used 7132K, committed 7296K, reserved 221184K
  class space    used 578K, committed 640K, reserved 212992K
}
Event: 87.749 GC heap before
{Heap before GC invocations=1 (full 0):
 garbage-first heap   total 262144K, used 16612K [0x00000000e0000000, 0x0000000100000000)
  region size 1024K, 12 young (12288K), 2 survivors (2048K)
 Metaspace       used 10716K, committed 10816K, reserved 229376K
  class space    used 1047K, committed 1088K, reserved 212992K
}
Event: 87.758 GC heap after
{Heap after GC invocations=2 (full 0):
 garbage-first heap   total 262144K, used 9621K [0x00000000e0000000, 0x0000000100000000)
  region size 1024K, 2 young (2048K), 2 survivors (2048K)
 Metaspace       used 10716K, committed 10816K, reserved 229376K
  class space    used 1047K, committed 1088K, reserved 212992K
}
Event: 92.589 GC heap before
{Heap before GC invocations=2 (full 0):
 garbage-first heap   total 262144K, used 18837K [0x00000000e0000000, 0x0000000100000000)
  region size 1024K, 12 young (12288K), 2 survivors (2048K)
 Metaspace       used 11570K, committed 11840K, reserved 229376K
  class space    used 1144K, committed 1280K, reserved 212992K
}
Event: 92.592 GC heap after
{Heap after GC invocations=3 (full 0):
 garbage-first heap   total 262144K, used 10169K [0x00000000e0000000, 0x0000000100000000)
  region size 1024K, 1 young (1024K), 1 survivors (1024K)
 Metaspace       used 11570K, committed 11840K, reserved 229376K
  class space    used 1144K, committed 1280K, reserved 212992K
}
Event: 102.204 GC heap before
{Heap before GC invocations=3 (full 0):
 garbage-first heap   total 262144K, used 34745K [0x00000000e0000000, 0x0000000100000000)
  region size 1024K, 25 young (25600K), 1 survivors (1024K)
 Metaspace       used 11705K, committed 11968K, reserved 229376K
  class space    used 1146K, committed 1280K, reserved 212992K
}
Event: 102.211 GC heap after
{Heap after GC invocations=4 (full 0):
 garbage-first heap   total 262144K, used 13850K [0x00000000e0000000, 0x0000000100000000)
  region size 1024K, 4 young (4096K), 4 survivors (4096K)
 Metaspace       used 11705K, committed 11968K, reserved 229376K
  class space    used 1146K, committed 1280K, reserved 212992K
}
Event: 132.480 GC heap before
{Heap before GC invocations=4 (full 0):
 garbage-first heap   total 262144K, used 55834K [0x00000000e0000000, 0x0000000100000000)
  region size 1024K, 46 young (47104K), 4 survivors (4096K)
 Metaspace       used 21073K, committed 21248K, reserved 237568K
  class space    used 2466K, committed 2560K, reserved 212992K
}
Event: 132.524 GC heap after
{Heap after GC invocations=5 (full 0):
 garbage-first heap   total 262144K, used 18181K [0x00000000e0000000, 0x0000000100000000)
  region size 1024K, 9 young (9216K), 9 survivors (9216K)
 Metaspace       used 21073K, committed 21248K, reserved 237568K
  class space    used 2466K, committed 2560K, reserved 212992K
}
Event: 158.538 GC heap before
{Heap before GC invocations=6 (full 0):
 garbage-first heap   total 262144K, used 71429K [0x00000000e0000000, 0x0000000100000000)
  region size 1024K, 62 young (63488K), 9 survivors (9216K)
 Metaspace       used 29596K, committed 29824K, reserved 245760K
  class space    used 3743K, committed 3840K, reserved 212992K
}
Event: 158.562 GC heap after
{Heap after GC invocations=7 (full 0):
 garbage-first heap   total 262144K, used 21453K [0x00000000e0000000, 0x0000000100000000)
  region size 1024K, 7 young (7168K), 7 survivors (7168K)
 Metaspace       used 29596K, committed 29824K, reserved 245760K
  class space    used 3743K, committed 3840K, reserved 212992K
}
Event: 176.248 GC heap before
{Heap before GC invocations=7 (full 0):
 garbage-first heap   total 262144K, used 52173K [0x00000000e0000000, 0x0000000100000000)
  region size 1024K, 38 young (38912K), 7 survivors (7168K)
 Metaspace       used 35355K, committed 35648K, reserved 245760K
  class space    used 4460K, committed 4608K, reserved 212992K
}
Event: 176.266 GC heap after
{Heap after GC invocations=8 (full 0):
 garbage-first heap   total 262144K, used 24138K [0x00000000e0000000, 0x0000000100000000)
  region size 1024K, 10 young (10240K), 10 survivors (10240K)
 Metaspace       used 35355K, committed 35648K, reserved 245760K
  class space    used 4460K, committed 4608K, reserved 212992K
}

