# JRE version: OpenJDK Runtime Environment Corretto-16.0.2.7.1 (16.0.2+7) (build 16.0.2+7)
# Java VM: OpenJDK 64-Bit Server VM Corretto-16.0.2.7.1 (16.0.2+7, mixed mode, sharing, tiered, compressed oops, compressed class ptrs, g1 gc, windows-amd64)
GC Precious Log:
 CPUs: 4 total, 4 available
 Memory: 3958M
 Large Page Support: Disabled
 NUMA Support: Disabled
 Compressed Oops: Enabled (32-bit)
 Heap Region Size: 1M
 Heap Min Capacity: 256M
 Heap Initial Capacity: 256M
 Heap Max Capacity: 512M
 Pre-touch: Disabled
 Parallel Workers: 4
 Concurrent Workers: 1
 Concurrent Refinement Workers: 4
 Periodic GC: Disabled
Heap:
 garbage-first heap   total 262144K, used 40454K [0x00000000e0000000, 0x0000000100000000)
  region size 1024K, 21 young (21504K), 1 survivors (1024K)
 Metaspace       used 25771K, committed 26176K, reserved 237568K
  class space    used 3652K, committed 3840K, reserved 212992K
GC Heap History (10 events):
Event: 26.520 GC heap before
{Heap before GC invocations=0 (full 0):
 garbage-first heap   total 262144K, used 15360K [0x00000000e0000000, 0x0000000100000000)
  region size 1024K, 13 young (13312K), 0 survivors (0K)
 Metaspace       used 1089K, committed 1216K, reserved 221184K
  class space    used 73K, committed 128K, reserved 212992K
}
Event: 26.575 GC heap after
{Heap after GC invocations=1 (full 0):
 garbage-first heap   total 262144K, used 3961K [0x00000000e0000000, 0x0000000100000000)
  region size 1024K, 2 young (2048K), 2 survivors (2048K)
 Metaspace       used 1089K, committed 1216K, reserved 221184K
  class space    used 73K, committed 128K, reserved 212992K
}
Event: 41.766 GC heap before
{Heap before GC invocations=1 (full 0):
 garbage-first heap   total 262144K, used 19321K [0x00000000e0000000, 0x0000000100000000)
  region size 1024K, 15 young (15360K), 2 survivors (2048K)
 Metaspace       used 3480K, committed 3648K, reserved 221184K
  class space    used 405K, committed 512K, reserved 212992K
}
Event: 41.779 GC heap after
{Heap after GC invocations=2 (full 0):
 garbage-first heap   total 262144K, used 9251K [0x00000000e0000000, 0x0000000100000000)
  region size 1024K, 2 young (2048K), 2 survivors (2048K)
 Metaspace       used 3480K, committed 3648K, reserved 221184K
  class space    used 405K, committed 512K, reserved 212992K
}
Event: 43.405 GC heap before
{Heap before GC invocations=2 (full 0):
 garbage-first heap   total 262144K, used 28707K [0x00000000e0000000, 0x0000000100000000)
  region size 1024K, 21 young (21504K), 2 survivors (2048K)
 Metaspace       used 4220K, committed 4416K, reserved 221184K
  class space    used 488K, committed 576K, reserved 212992K
}
Event: 43.409 GC heap after
{Heap after GC invocations=3 (full 0):
 garbage-first heap   total 262144K, used 9879K [0x00000000e0000000, 0x0000000100000000)
  region size 1024K, 1 young (1024K), 1 survivors (1024K)
 Metaspace       used 4220K, committed 4416K, reserved 221184K
  class space    used 488K, committed 576K, reserved 212992K
}
Event: 175.283 GC heap before
{Heap before GC invocations=3 (full 0):
 garbage-first heap   total 262144K, used 123543K [0x00000000e0000000, 0x0000000100000000)
  region size 1024K, 112 young (114688K), 1 survivors (1024K)
 Metaspace       used 20993K, committed 21248K, reserved 237568K
  class space    used 2975K, committed 3136K, reserved 212992K
}
Event: 175.825 GC heap after
{Heap after GC invocations=4 (full 0):
 garbage-first heap   total 262144K, used 20058K [0x00000000e0000000, 0x0000000100000000)
  region size 1024K, 11 young (11264K), 11 survivors (11264K)
 Metaspace       used 20993K, committed 21248K, reserved 237568K
  class space    used 2975K, committed 3136K, reserved 212992K
}
Event: 186.435 GC heap before
{Heap before GC invocations=5 (full 0):
 garbage-first heap   total 262144K, used 29274K [0x00000000e0000000, 0x0000000100000000)
  region size 1024K, 21 young (21504K), 11 survivors (11264K)
 Metaspace       used 22331K, committed 22592K, reserved 237568K
  class space    used 3204K, committed 3328K, reserved 212992K
}
Event: 186.485 GC heap after
{Heap after GC invocations=6 (full 0):
 garbage-first heap   total 262144K, used 20998K [0x00000000e0000000, 0x0000000100000000)
  region size 1024K, 1 young (1024K), 1 survivors (1024K)
 Metaspace       used 22331K, committed 22592K, reserved 237568K
  class space    used 3204K, committed 3328K, reserved 212992K
}

